<?xml version='1.0' encoding='UTF-8'?>
<!DOCTYPE dataset SYSTEM "test-data.dtd">
<dataset>
  <users/>
  <roles role_id="1" name="ROLE_MANAGE_USERS" description="Manage users"/>
  <roles role_id="2" name="ROLE_POST_ARTICLES" description="Post articles"/>
  <roles role_id="3" name="ROLE_MANAGE_ARTICLES" description="Update other users&apos; articles"/>
  <roles role_id="4" name="ROLE_DEVELOPMENT_DWR" description="DWR Testing"/>
  <roles role_id="5" name="ROLE_MANAGE_TAGS" description="Manage tags"/>
  <roles role_id="6" name="ROLE_MANAGE_COMMENTS" description="Manage comments"/>
  <user_role_link/>
  <articles/>
  <tags/>
  <article_tag_link/>
  <comments/>
  <cardspace_tokens/>
  <cardspace_seen_tokens/>  
</dataset>